-------------------------------------------------------------------------------
Test set: com.parkit.parkingsystem.ParkingSpotDAOTest
-------------------------------------------------------------------------------
Tests run: 3, Failures: 1, Errors: 0, Skipped: 0, Time elapsed: 6.218 s <<< FAILURE! - in com.parkit.parkingsystem.ParkingSpotDAOTest
com.parkit.parkingsystem.ParkingSpotDAOTest.getNextSpotTest  Time elapsed: 2.024 s  <<< FAILURE!
org.opentest4j.AssertionFailedError: expected: <-1> but was: <2>
	at com.parkit.parkingsystem.ParkingSpotDAOTest.getNextSpotTest(ParkingSpotDAOTest.java:39)

