<?xml version="1.0" encoding="UTF-8"?>
<testsuite xmlns:xsi="http://www.w3.org/2001/XMLSchema-instance" xsi:noNamespaceSchemaLocation="https://maven.apache.org/surefire/maven-surefire-plugin/xsd/surefire-test-report-3.0.xsd" version="3.0" name="com.parkit.parkingsystem.FareCalculatorServiceTest" time="0.062" tests="9" errors="0" skipped="0" failures="0">
  <properties>
[...]
</properties>
  <testcase name="applyDiscountIfRecccuringUser" classname="com.parkit.parkingsystem.FareCalculatorServiceTest" time="0.03"/>
  <testcase name="calculateFareCarWithLessThanOneHourParkingTime" classname="com.parkit.parkingsystem.FareCalculatorServiceTest" time="0.004"/>
  <testcase name="calculateFareUnkownType" classname="com.parkit.parkingsystem.FareCalculatorServiceTest" time="0.002"/>
  <testcase name="calculateFareCar" classname="com.parkit.parkingsystem.FareCalculatorServiceTest" time="0"/>
  <testcase name="calculateFareBike" classname="com.parkit.parkingsystem.FareCalculatorServiceTest" time="0"/>
  <testcase name="calculateFareCarWithMoreThanADayParkingTime" classname="com.parkit.parkingsystem.FareCalculatorServiceTest" time="0"/>
  <testcase name="calculateFareBikeWithLessThanOneHourParkingTime" classname="com.parkit.parkingsystem.FareCalculatorServiceTest" time="0"/>
  <testcase name="calculateFareCarWithLessThanHalfHourParkingTime" classname="com.parkit.parkingsystem.FareCalculatorServiceTest" time="0"/>
  <testcase name="calculateFareBikeWithFutureInTime" classname="com.parkit.parkingsystem.FareCalculatorServiceTest" time="0.002"/>
</testsuite>